{"C:\\Users\\danie\\Desktop\\Dani\\Proyectos\\opoTest\\src\\main\\services\\pdfConverter.js": {"path":"C:\\Users\\danie\\Desktop\\Dani\\Proyectos\\opoTest\\src\\main\\services\\pdfConverter.js","statementMap":{"0":{"start":{"line":5,"column":11},"end":{"line":5,"column":24}},"1":{"start":{"line":6,"column":13},"end":{"line":6,"column":28}},"2":{"start":{"line":7,"column":22},"end":{"line":7,"column":51}},"3":{"start":{"line":8,"column":25},"end":{"line":8,"column":56}},"4":{"start":{"line":9,"column":23},"end":{"line":9,"column":56}},"5":{"start":{"line":13,"column":4},"end":{"line":13,"column":31}},"6":{"start":{"line":23,"column":18},"end":{"line":23,"column":19}},"7":{"start":{"line":24,"column":17},"end":{"line":24,"column":18}},"8":{"start":{"line":25,"column":19},"end":{"line":25,"column":21}},"9":{"start":{"line":27,"column":4},"end":{"line":35,"column":5}},"10":{"start":{"line":28,"column":6},"end":{"line":34,"column":7}},"11":{"start":{"line":29,"column":8},"end":{"line":29,"column":77}},"12":{"start":{"line":30,"column":8},"end":{"line":30,"column":18}},"13":{"start":{"line":32,"column":8},"end":{"line":32,"column":61}},"14":{"start":{"line":33,"column":8},"end":{"line":33,"column":17}},"15":{"start":{"line":37,"column":4},"end":{"line":37,"column":39}},"16":{"start":{"line":48,"column":21},"end":{"line":48,"column":35}},"17":{"start":{"line":49,"column":20},"end":{"line":49,"column":53}},"18":{"start":{"line":51,"column":4},"end":{"line":53,"column":5}},"19":{"start":{"line":52,"column":6},"end":{"line":52,"column":50}},"20":{"start":{"line":55,"column":17},"end":{"line":55,"column":36}},"21":{"start":{"line":56,"column":22},"end":{"line":56,"column":60}},"22":{"start":{"line":58,"column":4},"end":{"line":58,"column":98}},"23":{"start":{"line":59,"column":20},"end":{"line":59,"column":75}},"24":{"start":{"line":60,"column":4},"end":{"line":60,"column":39}},"25":{"start":{"line":64,"column":0},"end":{"line":64,"column":34}}},"fnMap":{"0":{"name":"(anonymous_0)","decl":{"start":{"line":12,"column":2},"end":{"line":12,"column":3}},"loc":{"start":{"line":12,"column":25},"end":{"line":14,"column":3}},"line":12},"1":{"name":"(anonymous_1)","decl":{"start":{"line":22,"column":2},"end":{"line":22,"column":3}},"loc":{"start":{"line":22,"column":49},"end":{"line":38,"column":3}},"line":22},"2":{"name":"(anonymous_2)","decl":{"start":{"line":47,"column":2},"end":{"line":47,"column":3}},"loc":{"start":{"line":47,"column":66},"end":{"line":61,"column":3}},"line":47}},"branchMap":{"0":{"loc":{"start":{"line":51,"column":4},"end":{"line":53,"column":5}},"type":"if","locations":[{"start":{"line":51,"column":4},"end":{"line":53,"column":5}},{"start":{},"end":{}}],"line":51}},"s":{"0":1,"1":1,"2":1,"3":1,"4":1,"5":6,"6":2,"7":2,"8":2,"9":2,"10":4,"11":4,"12":3,"13":1,"14":1,"15":2,"16":8,"17":8,"18":8,"19":2,"20":6,"21":6,"22":6,"23":6,"24":6,"25":1},"f":{"0":6,"1":2,"2":8},"b":{"0":[2,6]},"inputSourceMap":null,"_coverageSchema":"1a1c01bbd47fc00a2c39e90264f33305004495a9","hash":"63457e7024e1871296bdbfe7ccf975fff8a15a46"}
,"C:\\Users\\danie\\Desktop\\Dani\\Proyectos\\opoTest\\src\\shared\\constants.js": {"path":"C:\\Users\\danie\\Desktop\\Dani\\Proyectos\\opoTest\\src\\shared\\constants.js","statementMap":{"0":{"start":{"line":5,"column":0},"end":{"line":20,"column":2}}},"fnMap":{},"branchMap":{},"s":{"0":2},"f":{},"b":{},"inputSourceMap":null,"_coverageSchema":"1a1c01bbd47fc00a2c39e90264f33305004495a9","hash":"a40b190d555379c92ce29f215a710e99c42da196"}
,"C:\\Users\\danie\\Desktop\\Dani\\Proyectos\\opoTest\\src\\utils\\parser.js": {"path":"C:\\Users\\danie\\Desktop\\Dani\\Proyectos\\opoTest\\src\\utils\\parser.js","statementMap":{"0":{"start":{"line":6,"column":11},"end":{"line":6,"column":24}},"1":{"start":{"line":7,"column":18},"end":{"line":7,"column":34}},"2":{"start":{"line":15,"column":15},"end":{"line":15,"column":49}},"3":{"start":{"line":16,"column":14},"end":{"line":16,"column":29}},"4":{"start":{"line":17,"column":14},"end":{"line":17,"column":33}},"5":{"start":{"line":20,"column":18},"end":{"line":20,"column":66}},"6":{"start":{"line":21,"column":16},"end":{"line":21,"column":57}},"7":{"start":{"line":23,"column":20},"end":{"line":23,"column":22}},"8":{"start":{"line":24,"column":25},"end":{"line":24,"column":73}},"9":{"start":{"line":27,"column":2},"end":{"line":58,"column":5}},"10":{"start":{"line":28,"column":20},"end":{"line":28,"column":72}},"11":{"start":{"line":29,"column":18},"end":{"line":29,"column":80}},"12":{"start":{"line":31,"column":20},"end":{"line":31,"column":22}},"13":{"start":{"line":32,"column":22},"end":{"line":32,"column":78}},"14":{"start":{"line":35,"column":4},"end":{"line":50,"column":7}},"15":{"start":{"line":36,"column":21},"end":{"line":36,"column":77}},"16":{"start":{"line":37,"column":19},"end":{"line":37,"column":58}},"17":{"start":{"line":40,"column":23},"end":{"line":40,"column":76}},"18":{"start":{"line":41,"column":23},"end":{"line":41,"column":76}},"19":{"start":{"line":42,"column":26},"end":{"line":42,"column":82}},"20":{"start":{"line":44,"column":19},"end":{"line":44,"column":27}},"21":{"start":{"line":45,"column":6},"end":{"line":47,"column":44}},"22":{"start":{"line":45,"column":20},"end":{"line":45,"column":37}},"23":{"start":{"line":46,"column":11},"end":{"line":47,"column":44}},"24":{"start":{"line":46,"column":28},"end":{"line":46,"column":56}},"25":{"start":{"line":47,"column":11},"end":{"line":47,"column":44}},"26":{"start":{"line":47,"column":25},"end":{"line":47,"column":44}},"27":{"start":{"line":49,"column":6},"end":{"line":49,"column":37}},"28":{"start":{"line":53,"column":21},"end":{"line":53,"column":72}},"29":{"start":{"line":54,"column":17},"end":{"line":54,"column":58}},"30":{"start":{"line":55,"column":4},"end":{"line":55,"column":76}},"31":{"start":{"line":55,"column":64},"end":{"line":55,"column":76}},"32":{"start":{"line":57,"column":4},"end":{"line":57,"column":47}},"33":{"start":{"line":60,"column":16},"end":{"line":60,"column":44}},"34":{"start":{"line":62,"column":2},"end":{"line":62,"column":37}},"35":{"start":{"line":73,"column":19},"end":{"line":73,"column":79}},"36":{"start":{"line":74,"column":13},"end":{"line":74,"column":18}},"37":{"start":{"line":75,"column":24},"end":{"line":75,"column":29}},"38":{"start":{"line":77,"column":2},"end":{"line":80,"column":3}},"39":{"start":{"line":78,"column":19},"end":{"line":78,"column":108}},"40":{"start":{"line":79,"column":4},"end":{"line":79,"column":49}},"41":{"start":{"line":79,"column":16},"end":{"line":79,"column":49}},"42":{"start":{"line":81,"column":2},"end":{"line":84,"column":3}},"43":{"start":{"line":82,"column":21},"end":{"line":82,"column":110}},"44":{"start":{"line":83,"column":4},"end":{"line":83,"column":64}},"45":{"start":{"line":83,"column":18},"end":{"line":83,"column":64}},"46":{"start":{"line":87,"column":18},"end":{"line":87,"column":19}},"47":{"start":{"line":88,"column":17},"end":{"line":88,"column":18}},"48":{"start":{"line":89,"column":17},"end":{"line":89,"column":18}},"49":{"start":{"line":91,"column":2},"end":{"line":98,"column":5}},"50":{"start":{"line":92,"column":31},"end":{"line":92,"column":83}},"51":{"start":{"line":92,"column":51},"end":{"line":92,"column":82}},"52":{"start":{"line":93,"column":21},"end":{"line":93,"column":62}},"53":{"start":{"line":93,"column":41},"end":{"line":93,"column":61}},"54":{"start":{"line":95,"column":4},"end":{"line":97,"column":20}},"55":{"start":{"line":95,"column":28},"end":{"line":95,"column":40}},"56":{"start":{"line":96,"column":9},"end":{"line":97,"column":20}},"57":{"start":{"line":96,"column":23},"end":{"line":96,"column":34}},"58":{"start":{"line":97,"column":9},"end":{"line":97,"column":20}},"59":{"start":{"line":101,"column":16},"end":{"line":101,"column":32}},"60":{"start":{"line":102,"column":23},"end":{"line":102,"column":76}},"61":{"start":{"line":103,"column":22},"end":{"line":103,"column":74}},"62":{"start":{"line":104,"column":22},"end":{"line":104,"column":74}},"63":{"start":{"line":106,"column":2},"end":{"line":115,"column":4}},"64":{"start":{"line":118,"column":0},"end":{"line":118,"column":31}}},"fnMap":{"0":{"name":"parseHtml","decl":{"start":{"line":14,"column":9},"end":{"line":14,"column":18}},"loc":{"start":{"line":14,"column":29},"end":{"line":63,"column":1}},"line":14},"1":{"name":"(anonymous_1)","decl":{"start":{"line":27,"column":25},"end":{"line":27,"column":26}},"loc":{"start":{"line":27,"column":43},"end":{"line":58,"column":3}},"line":27},"2":{"name":"(anonymous_2)","decl":{"start":{"line":35,"column":22},"end":{"line":35,"column":23}},"loc":{"start":{"line":35,"column":31},"end":{"line":50,"column":5}},"line":35},"3":{"name":"extractStats","decl":{"start":{"line":71,"column":9},"end":{"line":71,"column":21}},"loc":{"start":{"line":71,"column":38},"end":{"line":116,"column":1}},"line":71},"4":{"name":"(anonymous_4)","decl":{"start":{"line":91,"column":20},"end":{"line":91,"column":21}},"loc":{"start":{"line":91,"column":25},"end":{"line":98,"column":3}},"line":91},"5":{"name":"(anonymous_5)","decl":{"start":{"line":92,"column":46},"end":{"line":92,"column":47}},"loc":{"start":{"line":92,"column":51},"end":{"line":92,"column":82}},"line":92},"6":{"name":"(anonymous_6)","decl":{"start":{"line":93,"column":36},"end":{"line":93,"column":37}},"loc":{"start":{"line":93,"column":41},"end":{"line":93,"column":61}},"line":93}},"branchMap":{"0":{"loc":{"start":{"line":21,"column":16},"end":{"line":21,"column":57}},"type":"cond-expr","locations":[{"start":{"line":21,"column":26},"end":{"line":21,"column":52}},{"start":{"line":21,"column":55},"end":{"line":21,"column":57}}],"line":21},"1":{"loc":{"start":{"line":29,"column":18},"end":{"line":29,"column":80}},"type":"cond-expr","locations":[{"start":{"line":29,"column":28},"end":{"line":29,"column":54}},{"start":{"line":29,"column":57},"end":{"line":29,"column":80}}],"line":29},"2":{"loc":{"start":{"line":37,"column":19},"end":{"line":37,"column":58}},"type":"cond-expr","locations":[{"start":{"line":37,"column":28},"end":{"line":37,"column":53}},{"start":{"line":37,"column":56},"end":{"line":37,"column":58}}],"line":37},"3":{"loc":{"start":{"line":45,"column":6},"end":{"line":47,"column":44}},"type":"if","locations":[{"start":{"line":45,"column":6},"end":{"line":47,"column":44}},{"start":{"line":46,"column":11},"end":{"line":47,"column":44}}],"line":45},"4":{"loc":{"start":{"line":46,"column":11},"end":{"line":47,"column":44}},"type":"if","locations":[{"start":{"line":46,"column":11},"end":{"line":47,"column":44}},{"start":{"line":47,"column":11},"end":{"line":47,"column":44}}],"line":46},"5":{"loc":{"start":{"line":47,"column":11},"end":{"line":47,"column":44}},"type":"if","locations":[{"start":{"line":47,"column":11},"end":{"line":47,"column":44}},{"start":{},"end":{}}],"line":47},"6":{"loc":{"start":{"line":54,"column":17},"end":{"line":54,"column":58}},"type":"cond-expr","locations":[{"start":{"line":54,"column":28},"end":{"line":54,"column":53}},{"start":{"line":54,"column":56},"end":{"line":54,"column":58}}],"line":54},"7":{"loc":{"start":{"line":55,"column":4},"end":{"line":55,"column":76}},"type":"if","locations":[{"start":{"line":55,"column":4},"end":{"line":55,"column":76}},{"start":{},"end":{}}],"line":55},"8":{"loc":{"start":{"line":55,"column":8},"end":{"line":55,"column":62}},"type":"binary-expr","locations":[{"start":{"line":55,"column":8},"end":{"line":55,"column":14}},{"start":{"line":55,"column":18},"end":{"line":55,"column":62}}],"line":55},"9":{"loc":{"start":{"line":77,"column":2},"end":{"line":80,"column":3}},"type":"if","locations":[{"start":{"line":77,"column":2},"end":{"line":80,"column":3}},{"start":{},"end":{}}],"line":77},"10":{"loc":{"start":{"line":79,"column":4},"end":{"line":79,"column":49}},"type":"if","locations":[{"start":{"line":79,"column":4},"end":{"line":79,"column":49}},{"start":{},"end":{}}],"line":79},"11":{"loc":{"start":{"line":81,"column":2},"end":{"line":84,"column":3}},"type":"if","locations":[{"start":{"line":81,"column":2},"end":{"line":84,"column":3}},{"start":{},"end":{}}],"line":81},"12":{"loc":{"start":{"line":83,"column":4},"end":{"line":83,"column":64}},"type":"if","locations":[{"start":{"line":83,"column":4},"end":{"line":83,"column":64}},{"start":{},"end":{}}],"line":83},"13":{"loc":{"start":{"line":95,"column":4},"end":{"line":97,"column":20}},"type":"if","locations":[{"start":{"line":95,"column":4},"end":{"line":97,"column":20}},{"start":{"line":96,"column":9},"end":{"line":97,"column":20}}],"line":95},"14":{"loc":{"start":{"line":96,"column":9},"end":{"line":97,"column":20}},"type":"if","locations":[{"start":{"line":96,"column":9},"end":{"line":97,"column":20}},{"start":{"line":97,"column":9},"end":{"line":97,"column":20}}],"line":96},"15":{"loc":{"start":{"line":102,"column":23},"end":{"line":102,"column":76}},"type":"cond-expr","locations":[{"start":{"line":102,"column":35},"end":{"line":102,"column":72}},{"start":{"line":102,"column":75},"end":{"line":102,"column":76}}],"line":102},"16":{"loc":{"start":{"line":103,"column":22},"end":{"line":103,"column":74}},"type":"cond-expr","locations":[{"start":{"line":103,"column":34},"end":{"line":103,"column":70}},{"start":{"line":103,"column":73},"end":{"line":103,"column":74}}],"line":103},"17":{"loc":{"start":{"line":104,"column":22},"end":{"line":104,"column":74}},"type":"cond-expr","locations":[{"start":{"line":104,"column":34},"end":{"line":104,"column":70}},{"start":{"line":104,"column":73},"end":{"line":104,"column":74}}],"line":104}},"s":{"0":2,"1":2,"2":6,"3":6,"4":6,"5":6,"6":6,"7":6,"8":6,"9":6,"10":7,"11":7,"12":7,"13":7,"14":7,"15":0,"16":0,"17":0,"18":0,"19":0,"20":0,"21":0,"22":0,"23":0,"24":0,"25":0,"26":0,"27":0,"28":7,"29":7,"30":7,"31":1,"32":7,"33":6,"34":6,"35":6,"36":6,"37":6,"38":6,"39":1,"40":1,"41":1,"42":6,"43":1,"44":1,"45":1,"46":6,"47":6,"48":6,"49":6,"50":7,"51":0,"52":7,"53":0,"54":7,"55":0,"56":7,"57":0,"58":7,"59":6,"60":6,"61":6,"62":6,"63":6,"64":2},"f":{"0":6,"1":7,"2":0,"3":6,"4":7,"5":0,"6":0},"b":{"0":[1,5],"1":[6,1],"2":[0,0],"3":[0,0],"4":[0,0],"5":[0,0],"6":[2,5],"7":[1,6],"8":[7,2],"9":[1,5],"10":[1,0],"11":[1,5],"12":[1,0],"13":[0,7],"14":[0,7],"15":[6,0],"16":[6,0],"17":[6,0]},"inputSourceMap":null,"_coverageSchema":"1a1c01bbd47fc00a2c39e90264f33305004495a9","hash":"110188e35582649aac2b8b737a17c65941b6e051"}
,"C:\\Users\\danie\\Desktop\\Dani\\Proyectos\\opoTest\\src\\utils\\template.js": {"path":"C:\\Users\\danie\\Desktop\\Dani\\Proyectos\\opoTest\\src\\utils\\template.js","statementMap":{"0":{"start":{"line":14,"column":20},"end":{"line":14,"column":42}},"1":{"start":{"line":15,"column":16},"end":{"line":15,"column":34}},"2":{"start":{"line":16,"column":16},"end":{"line":16,"column":32}},"3":{"start":{"line":19,"column":2},"end":{"line":21,"column":3}},"4":{"start":{"line":20,"column":4},"end":{"line":20,"column":54}},"5":{"start":{"line":23,"column":2},"end":{"line":73,"column":9}},"6":{"start":{"line":53,"column":26},"end":{"line":70,"column":1}},"7":{"start":{"line":58,"column":23},"end":{"line":58,"column":52}},"8":{"start":{"line":59,"column":19},"end":{"line":59,"column":21}},"9":{"start":{"line":60,"column":24},"end":{"line":60,"column":26}},"10":{"start":{"line":61,"column":24},"end":{"line":61,"column":26}},"11":{"start":{"line":62,"column":8},"end":{"line":64,"column":185}},"12":{"start":{"line":62,"column":36},"end":{"line":62,"column":86}},"13":{"start":{"line":62,"column":87},"end":{"line":62,"column":115}},"14":{"start":{"line":63,"column":13},"end":{"line":64,"column":185}},"15":{"start":{"line":63,"column":43},"end":{"line":63,"column":95}},"16":{"start":{"line":63,"column":96},"end":{"line":63,"column":121}},"17":{"start":{"line":63,"column":122},"end":{"line":63,"column":164}},"18":{"start":{"line":64,"column":13},"end":{"line":64,"column":185}},"19":{"start":{"line":64,"column":52},"end":{"line":64,"column":114}},"20":{"start":{"line":64,"column":115},"end":{"line":64,"column":140}},"21":{"start":{"line":64,"column":141},"end":{"line":64,"column":183}},"22":{"start":{"line":65,"column":8},"end":{"line":65,"column":163}},"23":{"start":{"line":84,"column":2},"end":{"line":139,"column":9}},"24":{"start":{"line":102,"column":26},"end":{"line":112,"column":1}},"25":{"start":{"line":107,"column":23},"end":{"line":107,"column":52}},"26":{"start":{"line":108,"column":8},"end":{"line":108,"column":96}},"27":{"start":{"line":148,"column":2},"end":{"line":174,"column":4}},"28":{"start":{"line":177,"column":0},"end":{"line":177,"column":34}}},"fnMap":{"0":{"name":"generateHtml","decl":{"start":{"line":13,"column":9},"end":{"line":13,"column":21}},"loc":{"start":{"line":13,"column":60},"end":{"line":74,"column":1}},"line":13},"1":{"name":"(anonymous_1)","decl":{"start":{"line":53,"column":16},"end":{"line":53,"column":17}},"loc":{"start":{"line":53,"column":26},"end":{"line":70,"column":1}},"line":53},"2":{"name":"(anonymous_2)","decl":{"start":{"line":57,"column":22},"end":{"line":57,"column":23}},"loc":{"start":{"line":57,"column":34},"end":{"line":66,"column":7}},"line":57},"3":{"name":"generateBlankHtml","decl":{"start":{"line":83,"column":9},"end":{"line":83,"column":26}},"loc":{"start":{"line":83,"column":62},"end":{"line":140,"column":1}},"line":83},"4":{"name":"(anonymous_4)","decl":{"start":{"line":102,"column":16},"end":{"line":102,"column":17}},"loc":{"start":{"line":102,"column":26},"end":{"line":112,"column":1}},"line":102},"5":{"name":"(anonymous_5)","decl":{"start":{"line":106,"column":22},"end":{"line":106,"column":23}},"loc":{"start":{"line":106,"column":34},"end":{"line":109,"column":7}},"line":106},"6":{"name":"generateStatsHtml","decl":{"start":{"line":147,"column":9},"end":{"line":147,"column":26}},"loc":{"start":{"line":147,"column":34},"end":{"line":175,"column":1}},"line":147}},"branchMap":{"0":{"loc":{"start":{"line":13,"column":28},"end":{"line":13,"column":38}},"type":"default-arg","locations":[{"start":{"line":13,"column":36},"end":{"line":13,"column":38}}],"line":13},"1":{"loc":{"start":{"line":13,"column":40},"end":{"line":13,"column":58}},"type":"default-arg","locations":[{"start":{"line":13,"column":54},"end":{"line":13,"column":58}}],"line":13},"2":{"loc":{"start":{"line":14,"column":20},"end":{"line":14,"column":42}},"type":"binary-expr","locations":[{"start":{"line":14,"column":20},"end":{"line":14,"column":34}},{"start":{"line":14,"column":38},"end":{"line":14,"column":42}}],"line":14},"3":{"loc":{"start":{"line":15,"column":16},"end":{"line":15,"column":34}},"type":"binary-expr","locations":[{"start":{"line":15,"column":16},"end":{"line":15,"column":26}},{"start":{"line":15,"column":30},"end":{"line":15,"column":34}}],"line":15},"4":{"loc":{"start":{"line":16,"column":16},"end":{"line":16,"column":32}},"type":"binary-expr","locations":[{"start":{"line":16,"column":16},"end":{"line":16,"column":26}},{"start":{"line":16,"column":30},"end":{"line":16,"column":32}}],"line":16},"5":{"loc":{"start":{"line":19,"column":2},"end":{"line":21,"column":3}},"type":"if","locations":[{"start":{"line":19,"column":2},"end":{"line":21,"column":3}},{"start":{},"end":{}}],"line":19},"6":{"loc":{"start":{"line":51,"column":2},"end":{"line":51,"column":54}},"type":"cond-expr","locations":[{"start":{"line":51,"column":10},"end":{"line":51,"column":49}},{"start":{"line":51,"column":52},"end":{"line":51,"column":54}}],"line":51},"7":{"loc":{"start":{"line":52,"column":2},"end":{"line":52,"column":54}},"type":"cond-expr","locations":[{"start":{"line":52,"column":10},"end":{"line":52,"column":49}},{"start":{"line":52,"column":52},"end":{"line":52,"column":54}}],"line":52},"8":{"loc":{"start":{"line":62,"column":8},"end":{"line":64,"column":185}},"type":"if","locations":[{"start":{"line":62,"column":8},"end":{"line":64,"column":185}},{"start":{"line":63,"column":13},"end":{"line":64,"column":185}}],"line":62},"9":{"loc":{"start":{"line":63,"column":13},"end":{"line":64,"column":185}},"type":"if","locations":[{"start":{"line":63,"column":13},"end":{"line":64,"column":185}},{"start":{"line":64,"column":13},"end":{"line":64,"column":185}}],"line":63},"10":{"loc":{"start":{"line":64,"column":13},"end":{"line":64,"column":185}},"type":"if","locations":[{"start":{"line":64,"column":13},"end":{"line":64,"column":185}},{"start":{},"end":{}}],"line":64},"11":{"loc":{"start":{"line":68,"column":6},"end":{"line":68,"column":87}},"type":"cond-expr","locations":[{"start":{"line":68,"column":43},"end":{"line":68,"column":82}},{"start":{"line":68,"column":85},"end":{"line":68,"column":87}}],"line":68},"12":{"loc":{"start":{"line":68,"column":6},"end":{"line":68,"column":40}},"type":"binary-expr","locations":[{"start":{"line":68,"column":6},"end":{"line":68,"column":14}},{"start":{"line":68,"column":18},"end":{"line":68,"column":40}}],"line":68},"13":{"loc":{"start":{"line":71,"column":2},"end":{"line":71,"column":39}},"type":"cond-expr","locations":[{"start":{"line":71,"column":10},"end":{"line":71,"column":34}},{"start":{"line":71,"column":37},"end":{"line":71,"column":39}}],"line":71},"14":{"loc":{"start":{"line":83,"column":38},"end":{"line":83,"column":48}},"type":"default-arg","locations":[{"start":{"line":83,"column":46},"end":{"line":83,"column":48}}],"line":83},"15":{"loc":{"start":{"line":83,"column":50},"end":{"line":83,"column":60}},"type":"default-arg","locations":[{"start":{"line":83,"column":58},"end":{"line":83,"column":60}}],"line":83},"16":{"loc":{"start":{"line":100,"column":2},"end":{"line":100,"column":54}},"type":"cond-expr","locations":[{"start":{"line":100,"column":10},"end":{"line":100,"column":49}},{"start":{"line":100,"column":52},"end":{"line":100,"column":54}}],"line":100},"17":{"loc":{"start":{"line":101,"column":2},"end":{"line":101,"column":54}},"type":"cond-expr","locations":[{"start":{"line":101,"column":10},"end":{"line":101,"column":49}},{"start":{"line":101,"column":52},"end":{"line":101,"column":54}}],"line":101}},"s":{"0":9,"1":9,"2":9,"3":9,"4":2,"5":7,"6":7,"7":11,"8":11,"9":11,"10":11,"11":11,"12":1,"13":1,"14":10,"15":1,"16":1,"17":1,"18":9,"19":4,"20":4,"21":4,"22":11,"23":2,"24":2,"25":4,"26":4,"27":3,"28":2},"f":{"0":9,"1":7,"2":11,"3":2,"4":2,"5":4,"6":3},"b":{"0":[0],"1":[0],"2":[9,1],"3":[9,4],"4":[9,4],"5":[2,7],"6":[4,3],"7":[3,4],"8":[1,10],"9":[1,9],"10":[4,5],"11":[4,3],"12":[7,4],"13":[3,4],"14":[0],"15":[0],"16":[2,0],"17":[2,0]},"inputSourceMap":null,"_coverageSchema":"1a1c01bbd47fc00a2c39e90264f33305004495a9","hash":"a398c8781e599e93722e2805202446e0740e1173"}
}
