TN:
SF:src\main\services\pdfConverter.js
FN:12,(anonymous_0)
FN:22,(anonymous_1)
FN:47,(anonymous_2)
FNF:3
FNH:3
FNDA:6,(anonymous_0)
FNDA:2,(anonymous_1)
FNDA:8,(anonymous_2)
DA:5,1
DA:6,1
DA:7,1
DA:8,1
DA:9,1
DA:13,6
DA:23,2
DA:24,2
DA:25,2
DA:27,2
DA:28,4
DA:29,4
DA:30,3
DA:32,1
DA:33,1
DA:37,2
DA:48,8
DA:49,8
DA:51,8
DA:52,2
DA:55,6
DA:56,6
DA:58,6
DA:59,6
DA:60,6
DA:64,1
LF:26
LH:26
BRDA:51,0,0,2
BRDA:51,0,1,6
BRF:2
BRH:2
end_of_record
TN:
SF:src\shared\constants.js
FNF:0
FNH:0
DA:5,2
LF:1
LH:1
BRF:0
BRH:0
end_of_record
TN:
SF:src\utils\parser.js
FN:14,parseHtml
FN:27,(anonymous_1)
FN:35,(anonymous_2)
FN:71,extractStats
FN:91,(anonymous_4)
FN:92,(anonymous_5)
FN:93,(anonymous_6)
FNF:7
FNH:4
FNDA:6,parseHtml
FNDA:7,(anonymous_1)
FNDA:0,(anonymous_2)
FNDA:6,extractStats
FNDA:7,(anonymous_4)
FNDA:0,(anonymous_5)
FNDA:0,(anonymous_6)
DA:6,2
DA:7,2
DA:15,6
DA:16,6
DA:17,6
DA:20,6
DA:21,6
DA:23,6
DA:24,6
DA:27,6
DA:28,7
DA:29,7
DA:31,7
DA:32,7
DA:35,7
DA:36,0
DA:37,0
DA:40,0
DA:41,0
DA:42,0
DA:44,0
DA:45,0
DA:46,0
DA:47,0
DA:49,0
DA:53,7
DA:54,7
DA:55,7
DA:57,7
DA:60,6
DA:62,6
DA:73,6
DA:74,6
DA:75,6
DA:77,6
DA:78,1
DA:79,1
DA:81,6
DA:82,1
DA:83,1
DA:87,6
DA:88,6
DA:89,6
DA:91,6
DA:92,7
DA:93,7
DA:95,7
DA:96,7
DA:97,7
DA:101,6
DA:102,6
DA:103,6
DA:104,6
DA:106,6
DA:118,2
LF:55
LH:45
BRDA:21,0,0,1
BRDA:21,0,1,5
BRDA:29,1,0,6
BRDA:29,1,1,1
BRDA:37,2,0,0
BRDA:37,2,1,0
BRDA:45,3,0,0
BRDA:45,3,1,0
BRDA:46,4,0,0
BRDA:46,4,1,0
BRDA:47,5,0,0
BRDA:47,5,1,0
BRDA:54,6,0,2
BRDA:54,6,1,5
BRDA:55,7,0,1
BRDA:55,7,1,6
BRDA:55,8,0,7
BRDA:55,8,1,2
BRDA:77,9,0,1
BRDA:77,9,1,5
BRDA:79,10,0,1
BRDA:79,10,1,0
BRDA:81,11,0,1
BRDA:81,11,1,5
BRDA:83,12,0,1
BRDA:83,12,1,0
BRDA:95,13,0,0
BRDA:95,13,1,7
BRDA:96,14,0,0
BRDA:96,14,1,7
BRDA:102,15,0,6
BRDA:102,15,1,0
BRDA:103,16,0,6
BRDA:103,16,1,0
BRDA:104,17,0,6
BRDA:104,17,1,0
BRF:36
BRH:21
end_of_record
TN:
SF:src\utils\template.js
FN:13,generateHtml
FN:53,(anonymous_1)
FN:57,(anonymous_2)
FN:83,generateBlankHtml
FN:102,(anonymous_4)
FN:106,(anonymous_5)
FN:147,generateStatsHtml
FNF:7
FNH:7
FNDA:9,generateHtml
FNDA:7,(anonymous_1)
FNDA:11,(anonymous_2)
FNDA:2,generateBlankHtml
FNDA:2,(anonymous_4)
FNDA:4,(anonymous_5)
FNDA:3,generateStatsHtml
DA:14,9
DA:15,9
DA:16,9
DA:19,9
DA:20,2
DA:23,7
DA:53,7
DA:58,11
DA:59,11
DA:60,11
DA:61,11
DA:62,11
DA:63,10
DA:64,9
DA:65,11
DA:84,2
DA:102,2
DA:107,4
DA:108,4
DA:148,3
DA:177,2
LF:21
LH:21
BRDA:13,0,0,0
BRDA:13,1,0,0
BRDA:14,2,0,9
BRDA:14,2,1,1
BRDA:15,3,0,9
BRDA:15,3,1,4
BRDA:16,4,0,9
BRDA:16,4,1,4
BRDA:19,5,0,2
BRDA:19,5,1,7
BRDA:51,6,0,4
BRDA:51,6,1,3
BRDA:52,7,0,3
BRDA:52,7,1,4
BRDA:62,8,0,1
BRDA:62,8,1,10
BRDA:63,9,0,1
BRDA:63,9,1,9
BRDA:64,10,0,4
BRDA:64,10,1,5
BRDA:68,11,0,4
BRDA:68,11,1,3
BRDA:68,12,0,7
BRDA:68,12,1,4
BRDA:71,13,0,3
BRDA:71,13,1,4
BRDA:83,14,0,0
BRDA:83,15,0,0
BRDA:100,16,0,2
BRDA:100,16,1,0
BRDA:101,17,0,2
BRDA:101,17,1,0
BRF:32
BRH:26
end_of_record
